# JRE version: OpenJDK Runtime Environment (11.0.10) (build 11.0.10+0-b96-7249189)
# Java VM: OpenJDK 64-Bit Server VM (11.0.10+0-b96-7249189, mixed mode, tiered, compressed oops, g1 gc, windows-amd64)
Heap:
 garbage-first heap   total 325632K, used 235688K [0x0000000080000000, 0x0000000100000000)
  region size 1024K, 105 young (107520K), 5 survivors (5120K)
 Metaspace       used 136152K, capacity 139923K, committed 140056K, reserved 1171456K
  class space    used 17165K, capacity 18585K, committed 18712K, reserved 1048576K
GC Heap History (20 events):
Event: 1130.185 GC heap before
{Heap before GC invocations=27 (full 0):
 garbage-first heap   total 325632K, used 235648K [0x0000000080000000, 0x0000000100000000)
  region size 1024K, 59 young (60416K), 4 survivors (4096K)
 Metaspace       used 122658K, capacity 126155K, committed 126360K, reserved 1159168K
  class space    used 15607K, capacity 16903K, committed 17048K, reserved 1048576K
}
Event: 1130.200 GC heap after
{Heap after GC invocations=28 (full 0):
 garbage-first heap   total 325632K, used 186624K [0x0000000080000000, 0x0000000100000000)
  region size 1024K, 8 young (8192K), 8 survivors (8192K)
 Metaspace       used 122658K, capacity 126155K, committed 126360K, reserved 1159168K
  class space    used 15607K, capacity 16903K, committed 17048K, reserved 1048576K
}
Event: 1130.236 GC heap before
{Heap before GC invocations=28 (full 0):
 garbage-first heap   total 325632K, used 192768K [0x0000000080000000, 0x0000000100000000)
  region size 1024K, 15 young (15360K), 8 survivors (8192K)
 Metaspace       used 122660K, capacity 126156K, committed 126360K, reserved 1159168K
  class space    used 15607K, capacity 16903K, committed 17048K, reserved 1048576K
}
Event: 1130.253 GC heap after
{Heap after GC invocations=29 (full 0):
 garbage-first heap   total 325632K, used 181047K [0x0000000080000000, 0x0000000100000000)
  region size 1024K, 2 young (2048K), 2 survivors (2048K)
 Metaspace       used 122660K, capacity 126156K, committed 126360K, reserved 1159168K
  class space    used 15607K, capacity 16903K, committed 17048K, reserved 1048576K
}
Event: 1130.284 GC heap before
{Heap before GC invocations=29 (full 0):
 garbage-first heap   total 325632K, used 197431K [0x0000000080000000, 0x0000000100000000)
  region size 1024K, 19 young (19456K), 2 survivors (2048K)
 Metaspace       used 122660K, capacity 126156K, committed 126360K, reserved 1159168K
  class space    used 15607K, capacity 16903K, committed 17048K, reserved 1048576K
}
Event: 1130.291 GC heap after
{Heap after GC invocations=30 (full 0):
 garbage-first heap   total 325632K, used 183888K [0x0000000080000000, 0x0000000100000000)
  region size 1024K, 5 young (5120K), 5 survivors (5120K)
 Metaspace       used 122660K, capacity 126156K, committed 126360K, reserved 1159168K
  class space    used 15607K, capacity 16903K, committed 17048K, reserved 1048576K
}
Event: 1132.383 GC heap before
{Heap before GC invocations=31 (full 0):
 garbage-first heap   total 325632K, used 245328K [0x0000000080000000, 0x0000000100000000)
  region size 1024K, 59 young (60416K), 5 survivors (5120K)
 Metaspace       used 123479K, capacity 127033K, committed 127128K, reserved 1159168K
  class space    used 15675K, capacity 16987K, committed 17048K, reserved 1048576K
}
Event: 1132.394 GC heap after
{Heap after GC invocations=32 (full 0):
 garbage-first heap   total 325632K, used 188203K [0x0000000080000000, 0x0000000100000000)
  region size 1024K, 7 young (7168K), 7 survivors (7168K)
 Metaspace       used 123479K, capacity 127033K, committed 127128K, reserved 1159168K
  class space    used 15675K, capacity 16987K, committed 17048K, reserved 1048576K
}
Event: 1132.525 GC heap before
{Heap before GC invocations=32 (full 0):
 garbage-first heap   total 325632K, used 196395K [0x0000000080000000, 0x0000000100000000)
  region size 1024K, 15 young (15360K), 7 survivors (7168K)
 Metaspace       used 123538K, capacity 127097K, committed 127384K, reserved 1159168K
  class space    used 15684K, capacity 16987K, committed 17048K, reserved 1048576K
}
Event: 1132.536 GC heap after
{Heap after GC invocations=33 (full 0):
 garbage-first heap   total 325632K, used 187967K [0x0000000080000000, 0x0000000100000000)
  region size 1024K, 2 young (2048K), 2 survivors (2048K)
 Metaspace       used 123538K, capacity 127097K, committed 127384K, reserved 1159168K
  class space    used 15684K, capacity 16987K, committed 17048K, reserved 1048576K
}
Event: 1133.922 GC heap before
{Heap before GC invocations=33 (full 0):
 garbage-first heap   total 325632K, used 228927K [0x0000000080000000, 0x0000000100000000)
  region size 1024K, 44 young (45056K), 2 survivors (2048K)
 Metaspace       used 124025K, capacity 127532K, committed 127640K, reserved 1159168K
  class space    used 15728K, capacity 17025K, committed 17048K, reserved 1048576K
}
Event: 1133.934 GC heap after
{Heap after GC invocations=34 (full 0):
 garbage-first heap   total 325632K, used 188554K [0x0000000080000000, 0x0000000100000000)
  region size 1024K, 3 young (3072K), 3 survivors (3072K)
 Metaspace       used 124025K, capacity 127532K, committed 127640K, reserved 1159168K
  class space    used 15728K, capacity 17025K, committed 17048K, reserved 1048576K
}
Event: 1135.303 GC heap before
{Heap before GC invocations=35 (full 0):
 garbage-first heap   total 325632K, used 206986K [0x0000000080000000, 0x0000000100000000)
  region size 1024K, 59 young (60416K), 3 survivors (3072K)
 Metaspace       used 124083K, capacity 127628K, committed 127768K, reserved 1159168K
  class space    used 15733K, capacity 17057K, committed 17176K, reserved 1048576K
}
Event: 1135.307 GC heap after
{Heap after GC invocations=36 (full 0):
 garbage-first heap   total 325632K, used 150006K [0x0000000080000000, 0x0000000100000000)
  region size 1024K, 3 young (3072K), 3 survivors (3072K)
 Metaspace       used 124083K, capacity 127628K, committed 127768K, reserved 1159168K
  class space    used 15733K, capacity 17057K, committed 17176K, reserved 1048576K
}
Event: 1135.440 GC heap before
{Heap before GC invocations=36 (full 0):
 garbage-first heap   total 325632K, used 162294K [0x0000000080000000, 0x0000000100000000)
  region size 1024K, 15 young (15360K), 3 survivors (3072K)
 Metaspace       used 124083K, capacity 127628K, committed 127768K, reserved 1159168K
  class space    used 15733K, capacity 17057K, committed 17176K, reserved 1048576K
}
Event: 1135.450 GC heap after
{Heap after GC invocations=37 (full 0):
 garbage-first heap   total 325632K, used 127153K [0x0000000080000000, 0x0000000100000000)
  region size 1024K, 2 young (2048K), 2 survivors (2048K)
 Metaspace       used 124083K, capacity 127628K, committed 127768K, reserved 1159168K
  class space    used 15733K, capacity 17057K, committed 17176K, reserved 1048576K
}
Event: 1136.583 GC heap before
{Heap before GC invocations=37 (full 0):
 garbage-first heap   total 325632K, used 215217K [0x0000000080000000, 0x0000000100000000)
  region size 1024K, 88 young (90112K), 2 survivors (2048K)
 Metaspace       used 124087K, capacity 127628K, committed 127768K, reserved 1159168K
  class space    used 15733K, capacity 17057K, committed 17176K, reserved 1048576K
}
Event: 1136.586 GC heap after
{Heap after GC invocations=38 (full 0):
 garbage-first heap   total 325632K, used 127418K [0x0000000080000000, 0x0000000100000000)
  region size 1024K, 2 young (2048K), 2 survivors (2048K)
 Metaspace       used 124087K, capacity 127628K, committed 127768K, reserved 1159168K
  class space    used 15733K, capacity 17057K, committed 17176K, reserved 1048576K
}
Event: 1140.122 GC heap before
{Heap before GC invocations=38 (full 0):
 garbage-first heap   total 325632K, used 224698K [0x0000000080000000, 0x0000000100000000)
  region size 1024K, 96 young (98304K), 2 survivors (2048K)
 Metaspace       used 132097K, capacity 135775K, committed 135960K, reserved 1167360K
  class space    used 16722K, capacity 18063K, committed 18200K, reserved 1048576K
}
Event: 1140.128 GC heap after
{Heap after GC invocations=39 (full 0):
 garbage-first heap   total 325632K, used 130216K [0x0000000080000000, 0x0000000100000000)
  region size 1024K, 5 young (5120K), 5 survivors (5120K)
 Metaspace       used 132097K, capacity 135775K, committed 135960K, reserved 1167360K
  class space    used 16722K, capacity 18063K, committed 18200K, reserved 1048576K
}

